E:/GitHub/Arbol-B/Menu.hpp:150: warning: found documented return type for areaPruebas that does not return anything
E:/GitHub/Arbol-B/Menu.hpp:142: warning: found documented return type for defDatosAleatorios that does not return anything
E:/GitHub/Arbol-B/Menu.hpp:54: warning: found documented return type for GAgregar that does not return anything
E:/GitHub/Arbol-B/Menu.hpp:86: warning: found documented return type for GAltura that does not return anything
E:/GitHub/Arbol-B/Menu.hpp:70: warning: found documented return type for GBuscar that does not return anything
E:/GitHub/Arbol-B/Menu.hpp:62: warning: found documented return type for GEliminar that does not return anything
E:/GitHub/Arbol-B/Menu.hpp:102: warning: found documented return type for GEstaVacia that does not return anything
E:/GitHub/Arbol-B/Menu.hpp:94: warning: found documented return type for GGrado that does not return anything
E:/GitHub/Arbol-B/Menu.hpp:134: warning: found documented return type for GImprimirComoArbol that does not return anything
E:/GitHub/Arbol-B/Menu.hpp:118: warning: found documented return type for GImprimirOrden that does not return anything
E:/GitHub/Arbol-B/Menu.hpp:126: warning: found documented return type for GImprimirPorNiveles that does not return anything
E:/GitHub/Arbol-B/Menu.hpp:78: warning: found documented return type for GNumClaves that does not return anything
E:/GitHub/Arbol-B/Menu.hpp:110: warning: found documented return type for GVaciar that does not return anything
E:/GitHub/Arbol-B/Menu.hpp:42: warning: found documented return type for limpiarPantalla that does not return anything
E:/GitHub/Arbol-B/Menu.hpp:47: warning: found documented return type for pausar that does not return anything
E:/GitHub/Arbol-B/ArbolB.hpp:130: warning: found documented return type for ArbolB::Agregar that does not return anything
E:/GitHub/Arbol-B/ArbolB.hpp:184: warning: found documented return type for ArbolB::ImprimirComoArbol that does not return anything
E:/GitHub/Arbol-B/ArbolB.hpp:174: warning: found documented return type for ArbolB::ImprimirOrden that does not return anything
E:/GitHub/Arbol-B/ArbolB.hpp:179: warning: found documented return type for ArbolB::ImprimirPorNiveles that does not return anything
E:/GitHub/Arbol-B/ArbolB.hpp:169: warning: found documented return type for ArbolB::Vaciar that does not return anything
E:/GitHub/Arbol-B/Cola.hpp:83: warning: found documented return type for Cola::Agregar that does not return anything
E:/GitHub/Arbol-B/Cola.hpp:91: warning: found documented return type for Cola::Eliminar that does not return anything
E:/GitHub/Arbol-B/Cola.hpp:139: warning: found documented return type for Cola::Imprimir that does not return anything
E:/GitHub/Arbol-B/Cola.hpp:133: warning: found documented return type for Cola::Vaciar that does not return anything
